# JRE version: OpenJDK Runtime Environment Microsoft-8035246 (17.0.8+7) (build 17.0.8+7-LTS)
# Java VM: OpenJDK 64-Bit Server VM Microsoft-8035246 (17.0.8+7-LTS, mixed mode, sharing, tiered, compressed oops, compressed class ptrs, g1 gc, windows-amd64)
GC Precious Log:
 CPUs: 8 total, 8 available
 Memory: 16221M
 Large Page Support: Disabled
 NUMA Support: Disabled
 Compressed Oops: Enabled (32-bit)
 Heap Region Size: 1M
 Heap Min Capacity: 8M
 Heap Initial Capacity: 254M
 Heap Max Capacity: 2G
 Pre-touch: Disabled
 Parallel Workers: 8
 Concurrent Workers: 2
 Concurrent Refinement Workers: 8
 Periodic GC: Disabled
Heap:
 garbage-first heap   total 292864K, used 232531K [0x0000000080000000, 0x0000000100000000)
  region size 1024K, 54 young (55296K), 7 survivors (7168K)
 Metaspace       used 104973K, committed 106176K, reserved 557056K
  class space    used 14623K, committed 15168K, reserved 425984K
GC Heap History (20 events):
Event: 22.509 GC heap before
{Heap before GC invocations=43 (full 0):
 garbage-first heap   total 148480K, used 120516K [0x0000000080000000, 0x0000000100000000)
  region size 1024K, 31 young (31744K), 1 survivors (1024K)
 Metaspace       used 78983K, committed 79680K, reserved 557056K
  class space    used 10942K, committed 11264K, reserved 425984K
}
Event: 22.512 GC heap after
{Heap after GC invocations=44 (full 0):
 garbage-first heap   total 292864K, used 91149K [0x0000000080000000, 0x0000000100000000)
  region size 1024K, 2 young (2048K), 2 survivors (2048K)
 Metaspace       used 78983K, committed 79680K, reserved 557056K
  class space    used 10942K, committed 11264K, reserved 425984K
}
Event: 31.623 GC heap before
{Heap before GC invocations=44 (full 0):
 garbage-first heap   total 292864K, used 202765K [0x0000000080000000, 0x0000000100000000)
  region size 1024K, 111 young (113664K), 2 survivors (2048K)
 Metaspace       used 84155K, committed 84864K, reserved 557056K
  class space    used 11650K, committed 11968K, reserved 425984K
}
Event: 31.632 GC heap after
{Heap after GC invocations=45 (full 0):
 garbage-first heap   total 292864K, used 97976K [0x0000000080000000, 0x0000000100000000)
  region size 1024K, 9 young (9216K), 9 survivors (9216K)
 Metaspace       used 84155K, committed 84864K, reserved 557056K
  class space    used 11650K, committed 11968K, reserved 425984K
}
Event: 34.379 GC heap before
{Heap before GC invocations=45 (full 0):
 garbage-first heap   total 292864K, used 211640K [0x0000000080000000, 0x0000000100000000)
  region size 1024K, 119 young (121856K), 9 survivors (9216K)
 Metaspace       used 91322K, committed 92096K, reserved 557056K
  class space    used 12806K, committed 13184K, reserved 425984K
}
Event: 34.390 GC heap after
{Heap after GC invocations=46 (full 0):
 garbage-first heap   total 292864K, used 103684K [0x0000000080000000, 0x0000000100000000)
  region size 1024K, 13 young (13312K), 13 survivors (13312K)
 Metaspace       used 91322K, committed 92096K, reserved 557056K
  class space    used 12806K, committed 13184K, reserved 425984K
}
Event: 38.534 GC heap before
{Heap before GC invocations=46 (full 0):
 garbage-first heap   total 292864K, used 223492K [0x0000000080000000, 0x0000000100000000)
  region size 1024K, 125 young (128000K), 13 survivors (13312K)
 Metaspace       used 94012K, committed 94976K, reserved 557056K
  class space    used 13193K, committed 13632K, reserved 425984K
}
Event: 38.574 GC heap after
{Heap after GC invocations=47 (full 0):
 garbage-first heap   total 292864K, used 132911K [0x0000000080000000, 0x0000000100000000)
  region size 1024K, 16 young (16384K), 16 survivors (16384K)
 Metaspace       used 94012K, committed 94976K, reserved 557056K
  class space    used 13193K, committed 13632K, reserved 425984K
}
Event: 42.380 GC heap before
{Heap before GC invocations=47 (full 0):
 garbage-first heap   total 292864K, used 221999K [0x0000000080000000, 0x0000000100000000)
  region size 1024K, 102 young (104448K), 16 survivors (16384K)
 Metaspace       used 96748K, committed 97728K, reserved 557056K
  class space    used 13555K, committed 14016K, reserved 425984K
}
Event: 42.398 GC heap after
{Heap after GC invocations=48 (full 0):
 garbage-first heap   total 292864K, used 151552K [0x0000000080000000, 0x0000000100000000)
  region size 1024K, 13 young (13312K), 13 survivors (13312K)
 Metaspace       used 96748K, committed 97728K, reserved 557056K
  class space    used 13555K, committed 14016K, reserved 425984K
}
Event: 44.485 GC heap before
{Heap before GC invocations=48 (full 0):
 garbage-first heap   total 292864K, used 226304K [0x0000000080000000, 0x0000000100000000)
  region size 1024K, 86 young (88064K), 13 survivors (13312K)
 Metaspace       used 101937K, committed 102976K, reserved 557056K
  class space    used 14251K, committed 14720K, reserved 425984K
}
Event: 44.497 GC heap after
{Heap after GC invocations=49 (full 0):
 garbage-first heap   total 292864K, used 158719K [0x0000000080000000, 0x0000000100000000)
  region size 1024K, 7 young (7168K), 7 survivors (7168K)
 Metaspace       used 101937K, committed 102976K, reserved 557056K
  class space    used 14251K, committed 14720K, reserved 425984K
}
Event: 45.898 GC heap before
{Heap before GC invocations=49 (full 0):
 garbage-first heap   total 292864K, used 231423K [0x0000000080000000, 0x0000000100000000)
  region size 1024K, 78 young (79872K), 7 survivors (7168K)
 Metaspace       used 103176K, committed 104256K, reserved 557056K
  class space    used 14371K, committed 14848K, reserved 425984K
}
Event: 45.911 GC heap after
{Heap after GC invocations=50 (full 0):
 garbage-first heap   total 292864K, used 167461K [0x0000000080000000, 0x0000000100000000)
  region size 1024K, 9 young (9216K), 9 survivors (9216K)
 Metaspace       used 103176K, committed 104256K, reserved 557056K
  class space    used 14371K, committed 14848K, reserved 425984K
}
Event: 46.920 GC heap before
{Heap before GC invocations=50 (full 0):
 garbage-first heap   total 292864K, used 235045K [0x0000000080000000, 0x0000000100000000)
  region size 1024K, 75 young (76800K), 9 survivors (9216K)
 Metaspace       used 104402K, committed 105536K, reserved 557056K
  class space    used 14571K, committed 15104K, reserved 425984K
}
Event: 46.935 GC heap after
{Heap after GC invocations=51 (full 0):
 garbage-first heap   total 292864K, used 175051K [0x0000000080000000, 0x0000000100000000)
  region size 1024K, 8 young (8192K), 8 survivors (8192K)
 Metaspace       used 104402K, committed 105536K, reserved 557056K
  class space    used 14571K, committed 15104K, reserved 425984K
}
Event: 47.832 GC heap before
{Heap before GC invocations=51 (full 0):
 garbage-first heap   total 292864K, used 236491K [0x0000000080000000, 0x0000000100000000)
  region size 1024K, 69 young (70656K), 8 survivors (8192K)
 Metaspace       used 104948K, committed 106048K, reserved 557056K
  class space    used 14621K, committed 15168K, reserved 425984K
}
Event: 47.841 GC heap after
{Heap after GC invocations=52 (full 0):
 garbage-first heap   total 292864K, used 179788K [0x0000000080000000, 0x0000000100000000)
  region size 1024K, 6 young (6144K), 6 survivors (6144K)
 Metaspace       used 104948K, committed 106048K, reserved 557056K
  class space    used 14621K, committed 15168K, reserved 425984K
}
Event: 48.229 GC heap before
{Heap before GC invocations=52 (full 0):
 garbage-first heap   total 292864K, used 239180K [0x0000000080000000, 0x0000000100000000)
  region size 1024K, 65 young (66560K), 6 survivors (6144K)
 Metaspace       used 104965K, committed 106176K, reserved 557056K
  class space    used 14622K, committed 15168K, reserved 425984K
}
Event: 48.237 GC heap after
{Heap after GC invocations=53 (full 0):
 garbage-first heap   total 292864K, used 185427K [0x0000000080000000, 0x0000000100000000)
  region size 1024K, 7 young (7168K), 7 survivors (7168K)
 Metaspace       used 104965K, committed 106176K, reserved 557056K
  class space    used 14622K, committed 15168K, reserved 425984K
}

