# JRE version: OpenJDK Runtime Environment Microsoft-8035246 (17.0.8+7) (build 17.0.8+7-LTS)
# Java VM: OpenJDK 64-Bit Server VM Microsoft-8035246 (17.0.8+7-LTS, mixed mode, sharing, tiered, compressed oops, compressed class ptrs, g1 gc, windows-amd64)
GC Precious Log:
 CPUs: 8 total, 8 available
 Memory: 16221M
 Large Page Support: Disabled
 NUMA Support: Disabled
 Compressed Oops: Enabled (32-bit)
 Heap Region Size: 1M
 Heap Min Capacity: 8M
 Heap Initial Capacity: 254M
 Heap Max Capacity: 2G
 Pre-touch: Disabled
 Parallel Workers: 8
 Concurrent Workers: 2
 Concurrent Refinement Workers: 8
 Periodic GC: Disabled
Heap:
 garbage-first heap   total 264192K, used 183133K [0x0000000080000000, 0x0000000100000000)
  region size 1024K, 6 young (6144K), 5 survivors (5120K)
 Metaspace       used 99652K, committed 100864K, reserved 557056K
  class space    used 13978K, committed 14528K, reserved 425984K
GC Heap History (20 events):
Event: 28.222 GC heap before
{Heap before GC invocations=42 (full 0):
 garbage-first heap   total 264192K, used 201020K [0x0000000080000000, 0x0000000100000000)
  region size 1024K, 112 young (114688K), 1 survivors (1024K)
 Metaspace       used 78908K, committed 79680K, reserved 557056K
  class space    used 10995K, committed 11328K, reserved 425984K
}
Event: 28.227 GC heap after
{Heap after GC invocations=43 (full 0):
 garbage-first heap   total 264192K, used 93947K [0x0000000080000000, 0x0000000100000000)
  region size 1024K, 7 young (7168K), 7 survivors (7168K)
 Metaspace       used 78908K, committed 79680K, reserved 557056K
  class space    used 10995K, committed 11328K, reserved 425984K
}
Event: 29.549 GC heap before
{Heap before GC invocations=43 (full 0):
 garbage-first heap   total 264192K, used 205563K [0x0000000080000000, 0x0000000100000000)
  region size 1024K, 116 young (118784K), 7 survivors (7168K)
 Metaspace       used 85979K, committed 86848K, reserved 557056K
  class space    used 12140K, committed 12544K, reserved 425984K
}
Event: 29.557 GC heap after
{Heap after GC invocations=44 (full 0):
 garbage-first heap   total 264192K, used 99595K [0x0000000080000000, 0x0000000100000000)
  region size 1024K, 13 young (13312K), 13 survivors (13312K)
 Metaspace       used 85979K, committed 86848K, reserved 557056K
  class space    used 12140K, committed 12544K, reserved 425984K
}
Event: 31.262 GC heap before
{Heap before GC invocations=44 (full 0):
 garbage-first heap   total 264192K, used 212235K [0x0000000080000000, 0x0000000100000000)
  region size 1024K, 119 young (121856K), 13 survivors (13312K)
 Metaspace       used 88586K, committed 89600K, reserved 557056K
  class space    used 12519K, committed 12992K, reserved 425984K
}
Event: 31.278 GC heap after
{Heap after GC invocations=45 (full 0):
 garbage-first heap   total 264192K, used 124375K [0x0000000080000000, 0x0000000100000000)
  region size 1024K, 15 young (15360K), 15 survivors (15360K)
 Metaspace       used 88586K, committed 89600K, reserved 557056K
  class space    used 12519K, committed 12992K, reserved 425984K
}
Event: 32.413 GC heap before
{Heap before GC invocations=45 (full 0):
 garbage-first heap   total 264192K, used 208343K [0x0000000080000000, 0x0000000100000000)
  region size 1024K, 94 young (96256K), 15 survivors (15360K)
 Metaspace       used 90411K, committed 91520K, reserved 557056K
  class space    used 12749K, committed 13248K, reserved 425984K
}
Event: 32.429 GC heap after
{Heap after GC invocations=46 (full 0):
 garbage-first heap   total 264192K, used 146054K [0x0000000080000000, 0x0000000100000000)
  region size 1024K, 12 young (12288K), 12 survivors (12288K)
 Metaspace       used 90411K, committed 91520K, reserved 557056K
  class space    used 12749K, committed 13248K, reserved 425984K
}
Event: 33.363 GC heap before
{Heap before GC invocations=46 (full 0):
 garbage-first heap   total 264192K, used 208518K [0x0000000080000000, 0x0000000100000000)
  region size 1024K, 73 young (74752K), 12 survivors (12288K)
 Metaspace       used 95282K, committed 96320K, reserved 557056K
  class space    used 13422K, committed 13888K, reserved 425984K
}
Event: 33.372 GC heap after
{Heap after GC invocations=47 (full 0):
 garbage-first heap   total 264192K, used 153546K [0x0000000080000000, 0x0000000100000000)
  region size 1024K, 6 young (6144K), 6 survivors (6144K)
 Metaspace       used 95282K, committed 96320K, reserved 557056K
  class space    used 13422K, committed 13888K, reserved 425984K
}
Event: 34.000 GC heap before
{Heap before GC invocations=47 (full 0):
 garbage-first heap   total 264192K, used 212938K [0x0000000080000000, 0x0000000100000000)
  region size 1024K, 64 young (65536K), 6 survivors (6144K)
 Metaspace       used 97586K, committed 98688K, reserved 557056K
  class space    used 13701K, committed 14208K, reserved 425984K
}
Event: 34.010 GC heap after
{Heap after GC invocations=48 (full 0):
 garbage-first heap   total 264192K, used 160164K [0x0000000080000000, 0x0000000100000000)
  region size 1024K, 8 young (8192K), 8 survivors (8192K)
 Metaspace       used 97586K, committed 98688K, reserved 557056K
  class space    used 13701K, committed 14208K, reserved 425984K
}
Event: 34.602 GC heap before
{Heap before GC invocations=48 (full 0):
 garbage-first heap   total 264192K, used 213412K [0x0000000080000000, 0x0000000100000000)
  region size 1024K, 60 young (61440K), 8 survivors (8192K)
 Metaspace       used 97986K, committed 99136K, reserved 557056K
  class space    used 13722K, committed 14208K, reserved 425984K
}
Event: 34.610 GC heap after
{Heap after GC invocations=49 (full 0):
 garbage-first heap   total 264192K, used 165961K [0x0000000080000000, 0x0000000100000000)
  region size 1024K, 6 young (6144K), 6 survivors (6144K)
 Metaspace       used 97986K, committed 99136K, reserved 557056K
  class space    used 13722K, committed 14208K, reserved 425984K
}
Event: 35.120 GC heap before
{Heap before GC invocations=49 (full 0):
 garbage-first heap   total 264192K, used 217161K [0x0000000080000000, 0x0000000100000000)
  region size 1024K, 56 young (57344K), 6 survivors (6144K)
 Metaspace       used 99077K, committed 100288K, reserved 557056K
  class space    used 13929K, committed 14464K, reserved 425984K
}
Event: 35.128 GC heap after
{Heap after GC invocations=50 (full 0):
 garbage-first heap   total 264192K, used 171267K [0x0000000080000000, 0x0000000100000000)
  region size 1024K, 6 young (6144K), 6 survivors (6144K)
 Metaspace       used 99077K, committed 100288K, reserved 557056K
  class space    used 13929K, committed 14464K, reserved 425984K
}
Event: 35.502 GC heap before
{Heap before GC invocations=50 (full 0):
 garbage-first heap   total 264192K, used 217347K [0x0000000080000000, 0x0000000100000000)
  region size 1024K, 52 young (53248K), 6 survivors (6144K)
 Metaspace       used 99386K, committed 100544K, reserved 557056K
  class space    used 13931K, committed 14464K, reserved 425984K
}
Event: 35.508 GC heap after
{Heap after GC invocations=51 (full 0):
 garbage-first heap   total 264192K, used 174411K [0x0000000080000000, 0x0000000100000000)
  region size 1024K, 4 young (4096K), 4 survivors (4096K)
 Metaspace       used 99386K, committed 100544K, reserved 557056K
  class space    used 13931K, committed 14464K, reserved 425984K
}
Event: 35.829 GC heap before
{Heap before GC invocations=51 (full 0):
 garbage-first heap   total 264192K, used 220491K [0x0000000080000000, 0x0000000100000000)
  region size 1024K, 50 young (51200K), 4 survivors (4096K)
 Metaspace       used 99642K, committed 100800K, reserved 557056K
  class space    used 13978K, committed 14528K, reserved 425984K
}
Event: 35.834 GC heap after
{Heap after GC invocations=52 (full 0):
 garbage-first heap   total 264192K, used 179682K [0x0000000080000000, 0x0000000100000000)
  region size 1024K, 7 young (7168K), 7 survivors (7168K)
 Metaspace       used 99642K, committed 100800K, reserved 557056K
  class space    used 13978K, committed 14528K, reserved 425984K
}

