# JRE version: OpenJDK Runtime Environment Microsoft-8035246 (17.0.8+7) (build 17.0.8+7-LTS)
# Java VM: OpenJDK 64-Bit Server VM Microsoft-8035246 (17.0.8+7-LTS, mixed mode, sharing, tiered, compressed oops, compressed class ptrs, g1 gc, windows-amd64)
GC Precious Log:
 CPUs: 8 total, 8 available
 Memory: 16221M
 Large Page Support: Disabled
 NUMA Support: Disabled
 Compressed Oops: Enabled (32-bit)
 Heap Region Size: 1M
 Heap Min Capacity: 8M
 Heap Initial Capacity: 254M
 Heap Max Capacity: 2G
 Pre-touch: Disabled
 Parallel Workers: 8
 Concurrent Workers: 2
 Concurrent Refinement Workers: 8
 Periodic GC: Disabled
Heap:
 garbage-first heap   total 269312K, used 201352K [0x0000000080000000, 0x0000000100000000)
  region size 1024K, 18 young (18432K), 5 survivors (5120K)
 Metaspace       used 99677K, committed 100800K, reserved 557056K
  class space    used 13922K, committed 14464K, reserved 425984K
GC Heap History (20 events):
Event: 57.818 GC heap before
{Heap before GC invocations=59 (full 0):
 garbage-first heap   total 220160K, used 189598K [0x0000000080000000, 0x0000000100000000)
  region size 1024K, 19 young (19456K), 3 survivors (3072K)
 Metaspace       used 99211K, committed 100352K, reserved 557056K
  class space    used 13875K, committed 14400K, reserved 425984K
}
Event: 57.821 GC heap after
{Heap after GC invocations=60 (full 0):
 garbage-first heap   total 220160K, used 175807K [0x0000000080000000, 0x0000000100000000)
  region size 1024K, 2 young (2048K), 2 survivors (2048K)
 Metaspace       used 99211K, committed 100352K, reserved 557056K
  class space    used 13875K, committed 14400K, reserved 425984K
}
Event: 58.083 GC heap before
{Heap before GC invocations=60 (full 0):
 garbage-first heap   total 220160K, used 191167K [0x0000000080000000, 0x0000000100000000)
  region size 1024K, 17 young (17408K), 2 survivors (2048K)
 Metaspace       used 99284K, committed 100416K, reserved 557056K
  class space    used 13875K, committed 14400K, reserved 425984K
}
Event: 58.086 GC heap after
{Heap after GC invocations=61 (full 0):
 garbage-first heap   total 220160K, used 176462K [0x0000000080000000, 0x0000000100000000)
  region size 1024K, 1 young (1024K), 1 survivors (1024K)
 Metaspace       used 99284K, committed 100416K, reserved 557056K
  class space    used 13875K, committed 14400K, reserved 425984K
}
Event: 58.384 GC heap before
{Heap before GC invocations=61 (full 0):
 garbage-first heap   total 220160K, used 190798K [0x0000000080000000, 0x0000000100000000)
  region size 1024K, 16 young (16384K), 1 survivors (1024K)
 Metaspace       used 99429K, committed 100544K, reserved 557056K
  class space    used 13875K, committed 14400K, reserved 425984K
}
Event: 58.386 GC heap after
{Heap after GC invocations=62 (full 0):
 garbage-first heap   total 220160K, used 177438K [0x0000000080000000, 0x0000000100000000)
  region size 1024K, 2 young (2048K), 2 survivors (2048K)
 Metaspace       used 99429K, committed 100544K, reserved 557056K
  class space    used 13875K, committed 14400K, reserved 425984K
}
Event: 58.599 GC heap before
{Heap before GC invocations=62 (full 0):
 garbage-first heap   total 220160K, used 191774K [0x0000000080000000, 0x0000000100000000)
  region size 1024K, 16 young (16384K), 2 survivors (2048K)
 Metaspace       used 99652K, committed 100736K, reserved 557056K
  class space    used 13921K, committed 14464K, reserved 425984K
}
Event: 58.602 GC heap after
{Heap after GC invocations=63 (full 0):
 garbage-first heap   total 220160K, used 178493K [0x0000000080000000, 0x0000000100000000)
  region size 1024K, 2 young (2048K), 2 survivors (2048K)
 Metaspace       used 99652K, committed 100736K, reserved 557056K
  class space    used 13921K, committed 14464K, reserved 425984K
}
Event: 58.704 GC heap before
{Heap before GC invocations=63 (full 0):
 garbage-first heap   total 220160K, used 191805K [0x0000000080000000, 0x0000000100000000)
  region size 1024K, 15 young (15360K), 2 survivors (2048K)
 Metaspace       used 99661K, committed 100736K, reserved 557056K
  class space    used 13921K, committed 14464K, reserved 425984K
}
Event: 58.710 GC heap after
{Heap after GC invocations=64 (full 0):
 garbage-first heap   total 220160K, used 182055K [0x0000000080000000, 0x0000000100000000)
  region size 1024K, 2 young (2048K), 2 survivors (2048K)
 Metaspace       used 99661K, committed 100736K, reserved 557056K
  class space    used 13921K, committed 14464K, reserved 425984K
}
Event: 58.807 GC heap before
{Heap before GC invocations=64 (full 0):
 garbage-first heap   total 220160K, used 191271K [0x0000000080000000, 0x0000000100000000)
  region size 1024K, 12 young (12288K), 2 survivors (2048K)
 Metaspace       used 99667K, committed 100800K, reserved 557056K
  class space    used 13921K, committed 14464K, reserved 425984K
}
Event: 58.810 GC heap after
{Heap after GC invocations=65 (full 0):
 garbage-first heap   total 220160K, used 183898K [0x0000000080000000, 0x0000000100000000)
  region size 1024K, 2 young (2048K), 2 survivors (2048K)
 Metaspace       used 99667K, committed 100800K, reserved 557056K
  class space    used 13921K, committed 14464K, reserved 425984K
}
Event: 58.889 GC heap before
{Heap before GC invocations=65 (full 0):
 garbage-first heap   total 220160K, used 192090K [0x0000000080000000, 0x0000000100000000)
  region size 1024K, 10 young (10240K), 2 survivors (2048K)
 Metaspace       used 99668K, committed 100800K, reserved 557056K
  class space    used 13921K, committed 14464K, reserved 425984K
}
Event: 58.892 GC heap after
{Heap after GC invocations=66 (full 0):
 garbage-first heap   total 220160K, used 185191K [0x0000000080000000, 0x0000000100000000)
  region size 1024K, 2 young (2048K), 2 survivors (2048K)
 Metaspace       used 99668K, committed 100800K, reserved 557056K
  class space    used 13921K, committed 14464K, reserved 425984K
}
Event: 58.993 GC heap before
{Heap before GC invocations=66 (full 0):
 garbage-first heap   total 220160K, used 193383K [0x0000000080000000, 0x0000000100000000)
  region size 1024K, 10 young (10240K), 2 survivors (2048K)
 Metaspace       used 99668K, committed 100800K, reserved 557056K
  class space    used 13921K, committed 14464K, reserved 425984K
}
Event: 58.995 GC heap after
{Heap after GC invocations=67 (full 0):
 garbage-first heap   total 220160K, used 186020K [0x0000000080000000, 0x0000000100000000)
  region size 1024K, 2 young (2048K), 2 survivors (2048K)
 Metaspace       used 99668K, committed 100800K, reserved 557056K
  class space    used 13921K, committed 14464K, reserved 425984K
}
Event: 59.144 GC heap before
{Heap before GC invocations=67 (full 0):
 garbage-first heap   total 220160K, used 194212K [0x0000000080000000, 0x0000000100000000)
  region size 1024K, 10 young (10240K), 2 survivors (2048K)
 Metaspace       used 99668K, committed 100800K, reserved 557056K
  class space    used 13921K, committed 14464K, reserved 425984K
}
Event: 59.147 GC heap after
{Heap after GC invocations=68 (full 0):
 garbage-first heap   total 269312K, used 186870K [0x0000000080000000, 0x0000000100000000)
  region size 1024K, 2 young (2048K), 2 survivors (2048K)
 Metaspace       used 99668K, committed 100800K, reserved 557056K
  class space    used 13921K, committed 14464K, reserved 425984K
}
Event: 59.973 GC heap before
{Heap before GC invocations=68 (full 0):
 garbage-first heap   total 269312K, used 223734K [0x0000000080000000, 0x0000000100000000)
  region size 1024K, 38 young (38912K), 2 survivors (2048K)
 Metaspace       used 99670K, committed 100800K, reserved 557056K
  class space    used 13922K, committed 14464K, reserved 425984K
}
Event: 59.977 GC heap after
{Heap after GC invocations=69 (full 0):
 garbage-first heap   total 269312K, used 189064K [0x0000000080000000, 0x0000000100000000)
  region size 1024K, 5 young (5120K), 5 survivors (5120K)
 Metaspace       used 99670K, committed 100800K, reserved 557056K
  class space    used 13922K, committed 14464K, reserved 425984K
}

